\BOOKMARK [0][-]{chapter.1}{\376\377\0001\000\040\000C\000l\000a\000s\000s\000\040\000I\000n\000d\000e\000x}{}% 1
\BOOKMARK [1][-]{section.1.1}{\376\377\0001\000.\0001\000\040\000C\000l\000a\000s\000s\000\040\000L\000i\000s\000t}{chapter.1}% 2
\BOOKMARK [0][-]{chapter.2}{\376\377\0002\000\040\000F\000i\000l\000e\000\040\000I\000n\000d\000e\000x}{}% 3
\BOOKMARK [1][-]{section.2.1}{\376\377\0002\000.\0001\000\040\000F\000i\000l\000e\000\040\000L\000i\000s\000t}{chapter.2}% 4
\BOOKMARK [0][-]{chapter.3}{\376\377\0003\000\040\000C\000l\000a\000s\000s\000\040\000D\000o\000c\000u\000m\000e\000n\000t\000a\000t\000i\000o\000n}{}% 5
\BOOKMARK [1][-]{section.3.1}{\376\377\0003\000.\0001\000\040\000g\000r\000a\000p\000h\000\040\000S\000t\000r\000u\000c\000t\000\040\000R\000e\000f\000e\000r\000e\000n\000c\000e}{chapter.3}% 6
\BOOKMARK [2][-]{subsection.3.1.1}{\376\377\0003\000.\0001\000.\0001\000\040\000M\000e\000m\000b\000e\000r\000\040\000D\000a\000t\000a\000\040\000D\000o\000c\000u\000m\000e\000n\000t\000a\000t\000i\000o\000n}{section.3.1}% 7
\BOOKMARK [3][-]{subsubsection.3.1.1.1}{\376\377\0003\000.\0001\000.\0001\000.\0001\000\040\000a\000d\000j\000\137\000m\000a\000t}{subsection.3.1.1}% 8
\BOOKMARK [3][-]{subsubsection.3.1.1.2}{\376\377\0003\000.\0001\000.\0001\000.\0002\000\040\000n\000u\000m\000\137\000e\000d\000g\000e\000s}{subsection.3.1.1}% 9
\BOOKMARK [3][-]{subsubsection.3.1.1.3}{\376\377\0003\000.\0001\000.\0001\000.\0003\000\040\000n\000u\000m\000\137\000v\000e\000r\000t\000i\000c\000e\000s}{subsection.3.1.1}% 10
\BOOKMARK [3][-]{subsubsection.3.1.1.4}{\376\377\0003\000.\0001\000.\0001\000.\0004\000\040\000v\000e\000r\000t\000i\000c\000e\000s}{subsection.3.1.1}% 11
\BOOKMARK [1][-]{section.3.2}{\376\377\0003\000.\0002\000\040\000r\000s\000e\000t\000\040\000S\000t\000r\000u\000c\000t\000\040\000R\000e\000f\000e\000r\000e\000n\000c\000e}{chapter.3}% 12
\BOOKMARK [2][-]{subsection.3.2.1}{\376\377\0003\000.\0002\000.\0001\000\040\000M\000e\000m\000b\000e\000r\000\040\000D\000a\000t\000a\000\040\000D\000o\000c\000u\000m\000e\000n\000t\000a\000t\000i\000o\000n}{section.3.2}% 13
\BOOKMARK [3][-]{subsubsection.3.2.1.1}{\376\377\0003\000.\0002\000.\0001\000.\0001\000\040\000e\000d\000g\000e\000s}{subsection.3.2.1}% 14
\BOOKMARK [3][-]{subsubsection.3.2.1.2}{\376\377\0003\000.\0002\000.\0001\000.\0002\000\040\000n\000u\000m\000\137\000e\000d\000g\000e\000s}{subsection.3.2.1}% 15
\BOOKMARK [1][-]{section.3.3}{\376\377\0003\000.\0003\000\040\000s\000h\000m\000\040\000S\000t\000r\000u\000c\000t\000\040\000R\000e\000f\000e\000r\000e\000n\000c\000e}{chapter.3}% 16
\BOOKMARK [2][-]{subsection.3.3.1}{\376\377\0003\000.\0003\000.\0001\000\040\000M\000e\000m\000b\000e\000r\000\040\000D\000a\000t\000a\000\040\000D\000o\000c\000u\000m\000e\000n\000t\000a\000t\000i\000o\000n}{section.3.3}% 17
\BOOKMARK [3][-]{subsubsection.3.3.1.1}{\376\377\0003\000.\0003\000.\0001\000.\0001\000\040\000d\000a\000t\000a}{subsection.3.3.1}% 18
\BOOKMARK [3][-]{subsubsection.3.3.1.2}{\376\377\0003\000.\0003\000.\0001\000.\0002\000\040\000s\000t\000a\000t\000e}{subsection.3.3.1}% 19
\BOOKMARK [3][-]{subsubsection.3.3.1.3}{\376\377\0003\000.\0003\000.\0001\000.\0003\000\040\000w\000r\000i\000t\000e\000\137\000p\000o\000s}{subsection.3.3.1}% 20
\BOOKMARK [0][-]{chapter.4}{\376\377\0004\000\040\000F\000i\000l\000e\000\040\000D\000o\000c\000u\000m\000e\000n\000t\000a\000t\000i\000o\000n}{}% 21
\BOOKMARK [1][-]{section.4.1}{\376\377\0004\000.\0001\000\040\000/\000h\000o\000m\000e\000/\000m\000k\000x\000/\000D\000r\000o\000p\000b\000o\000x\000/\000T\000U\000/\0003\000.\000\040\000S\000e\000m\000e\000s\000t\000e\000r\000/\000B\000e\000t\000r\000i\000e\000b\000s\000s\000y\000s\000t\000e\000m\000e\000/\0002\000.\000\040\000\334\000b\000u\000n\000g\000e\000n\000\040\000u\000n\000d\000\040\000A\000b\000g\000a\000b\000e\000n\000/\000A\000u\000f\000g\000a\000b\000e\000\137\0004\000/\000s\000r\000c\000/\000g\000e\000n\000e\000r\000a\000t\000o\000r\000.\000c\000\040\000F\000i\000l\000e\000\040\000R\000e\000f\000e\000r\000e\000n\000c\000e}{chapter.4}% 22
\BOOKMARK [2][-]{subsection.4.1.1}{\376\377\0004\000.\0001\000.\0001\000\040\000D\000e\000t\000a\000i\000l\000e\000d\000\040\000D\000e\000s\000c\000r\000i\000p\000t\000i\000o\000n}{section.4.1}% 23
\BOOKMARK [2][-]{subsection.4.1.2}{\376\377\0004\000.\0001\000.\0002\000\040\000T\000y\000p\000e\000d\000e\000f\000\040\000D\000o\000c\000u\000m\000e\000n\000t\000a\000t\000i\000o\000n}{section.4.1}% 24
\BOOKMARK [3][-]{subsubsection.4.1.2.1}{\376\377\0004\000.\0001\000.\0002\000.\0001\000\040\000g\000r\000a\000p\000h\000\137\000t}{subsection.4.1.2}% 25
\BOOKMARK [2][-]{subsection.4.1.3}{\376\377\0004\000.\0001\000.\0003\000\040\000F\000u\000n\000c\000t\000i\000o\000n\000\040\000D\000o\000c\000u\000m\000e\000n\000t\000a\000t\000i\000o\000n}{section.4.1}% 26
\BOOKMARK [3][-]{subsubsection.4.1.3.1}{\376\377\0004\000.\0001\000.\0003\000.\0001\000\040\000e\000x\000i\000t\000\137\000e\000r\000r\000o\000r\000\050\000\051}{subsection.4.1.3}% 27
\BOOKMARK [3][-]{subsubsection.4.1.3.2}{\376\377\0004\000.\0001\000.\0003\000.\0002\000\040\000f\000r\000e\000e\000\137\000r\000e\000s\000o\000u\000r\000c\000e\000s\000\050\000\051}{subsection.4.1.3}% 28
\BOOKMARK [3][-]{subsubsection.4.1.3.3}{\376\377\0004\000.\0001\000.\0003\000.\0003\000\040\000i\000n\000i\000t\000\137\0002\000D\000\137\000m\000a\000t\000\050\000\051}{subsection.4.1.3}% 29
\BOOKMARK [3][-]{subsubsection.4.1.3.4}{\376\377\0004\000.\0001\000.\0003\000.\0004\000\040\000i\000n\000i\000t\000\137\000g\000r\000a\000p\000h\000\050\000\051}{subsection.4.1.3}% 30
\BOOKMARK [3][-]{subsubsection.4.1.3.5}{\376\377\0004\000.\0001\000.\0003\000.\0005\000\040\000m\000a\000i\000n\000\050\000\051}{subsection.4.1.3}% 31
\BOOKMARK [3][-]{subsubsection.4.1.3.6}{\376\377\0004\000.\0001\000.\0003\000.\0006\000\040\000m\000a\000p\000\137\000s\000h\000a\000r\000e\000d\000\137\000m\000e\000m\000\050\000\051}{subsection.4.1.3}% 32
\BOOKMARK [3][-]{subsubsection.4.1.3.7}{\376\377\0004\000.\0001\000.\0003\000.\0007\000\040\000o\000p\000e\000n\000\137\000s\000e\000m\000a\000p\000h\000o\000r\000e\000s\000\050\000\051}{subsection.4.1.3}% 33
\BOOKMARK [3][-]{subsubsection.4.1.3.8}{\376\377\0004\000.\0001\000.\0003\000.\0008\000\040\000p\000r\000i\000n\000t\000\137\000a\000d\000j\000\137\000m\000a\000t\000\050\000\051}{subsection.4.1.3}% 34
\BOOKMARK [3][-]{subsubsection.4.1.3.9}{\376\377\0004\000.\0001\000.\0003\000.\0009\000\040\000s\000e\000t\000\137\000r\000a\000n\000d\000o\000m\000\137\000s\000e\000e\000d\000\050\000\051}{subsection.4.1.3}% 35
\BOOKMARK [2][-]{subsection.4.1.4}{\376\377\0004\000.\0001\000.\0004\000\040\000V\000a\000r\000i\000a\000b\000l\000e\000\040\000D\000o\000c\000u\000m\000e\000n\000t\000a\000t\000i\000o\000n}{section.4.1}% 36
\BOOKMARK [3][-]{subsubsection.4.1.4.1}{\376\377\0004\000.\0001\000.\0004\000.\0001\000\040\000a\000d\000j\000\137\000m\000a\000t\000\137\000b\000u\000f\000f\000e\000r}{subsection.4.1.4}% 37
\BOOKMARK [3][-]{subsubsection.4.1.4.2}{\376\377\0004\000.\0001\000.\0004\000.\0002\000\040\000g}{subsection.4.1.4}% 38
\BOOKMARK [3][-]{subsubsection.4.1.4.3}{\376\377\0004\000.\0001\000.\0004\000.\0003\000\040\000p\000g\000r\000m\000\137\000n\000a\000m\000e}{subsection.4.1.4}% 39
\BOOKMARK [3][-]{subsubsection.4.1.4.4}{\376\377\0004\000.\0001\000.\0004\000.\0004\000\040\000r\000s}{subsection.4.1.4}% 40
\BOOKMARK [3][-]{subsubsection.4.1.4.5}{\376\377\0004\000.\0001\000.\0004\000.\0005\000\040\000s\000e\000m\000\137\000f\000r\000e\000e}{subsection.4.1.4}% 41
\BOOKMARK [3][-]{subsubsection.4.1.4.6}{\376\377\0004\000.\0001\000.\0004\000.\0006\000\040\000s\000e\000m\000\137\000u\000s\000e\000d}{subsection.4.1.4}% 42
\BOOKMARK [3][-]{subsubsection.4.1.4.7}{\376\377\0004\000.\0001\000.\0004\000.\0007\000\040\000s\000e\000m\000\137\000w\000m\000u\000t\000e\000x}{subsection.4.1.4}% 43
\BOOKMARK [3][-]{subsubsection.4.1.4.8}{\376\377\0004\000.\0001\000.\0004\000.\0008\000\040\000s\000h\000m}{subsection.4.1.4}% 44
\BOOKMARK [1][-]{section.4.2}{\376\377\0004\000.\0002\000\040\000/\000h\000o\000m\000e\000/\000m\000k\000x\000/\000D\000r\000o\000p\000b\000o\000x\000/\000T\000U\000/\0003\000.\000\040\000S\000e\000m\000e\000s\000t\000e\000r\000/\000B\000e\000t\000r\000i\000e\000b\000s\000s\000y\000s\000t\000e\000m\000e\000/\0002\000.\000\040\000\334\000b\000u\000n\000g\000e\000n\000\040\000u\000n\000d\000\040\000A\000b\000g\000a\000b\000e\000n\000/\000A\000u\000f\000g\000a\000b\000e\000\137\0004\000/\000s\000r\000c\000/\000s\000h\000a\000r\000e\000d\000.\000h\000\040\000F\000i\000l\000e\000\040\000R\000e\000f\000e\000r\000e\000n\000c\000e}{chapter.4}% 45
\BOOKMARK [2][-]{subsection.4.2.1}{\376\377\0004\000.\0002\000.\0001\000\040\000D\000e\000t\000a\000i\000l\000e\000d\000\040\000D\000e\000s\000c\000r\000i\000p\000t\000i\000o\000n}{section.4.2}% 46
\BOOKMARK [2][-]{subsection.4.2.2}{\376\377\0004\000.\0002\000.\0002\000\040\000M\000a\000c\000r\000o\000\040\000D\000e\000f\000i\000n\000i\000t\000i\000o\000n\000\040\000D\000o\000c\000u\000m\000e\000n\000t\000a\000t\000i\000o\000n}{section.4.2}% 47
\BOOKMARK [3][-]{subsubsection.4.2.2.1}{\376\377\0004\000.\0002\000.\0002\000.\0001\000\040\000C\000I\000R\000C\000U\000L\000A\000R\000\137\000B\000U\000F\000F\000E\000R\000\137\000S\000I\000Z\000E}{subsection.4.2.2}% 48
\BOOKMARK [3][-]{subsubsection.4.2.2.2}{\376\377\0004\000.\0002\000.\0002\000.\0002\000\040\000D\000E\000C\000O\000D\000E\000\137\000U}{subsection.4.2.2}% 49
\BOOKMARK [3][-]{subsubsection.4.2.2.3}{\376\377\0004\000.\0002\000.\0002\000.\0003\000\040\000D\000E\000C\000O\000D\000E\000\137\000V}{subsection.4.2.2}% 50
\BOOKMARK [3][-]{subsubsection.4.2.2.4}{\376\377\0004\000.\0002\000.\0002\000.\0004\000\040\000E\000N\000C\000O\000D\000E}{subsection.4.2.2}% 51
\BOOKMARK [3][-]{subsubsection.4.2.2.5}{\376\377\0004\000.\0002\000.\0002\000.\0005\000\040\000M\000A\000X\000\137\000R\000E\000S\000U\000L\000T\000\137\000E\000D\000G\000E\000S}{subsection.4.2.2}% 52
\BOOKMARK [3][-]{subsubsection.4.2.2.6}{\376\377\0004\000.\0002\000.\0002\000.\0006\000\040\000P\000E\000R\000M\000\137\000O\000W\000N\000E\000R\000\137\000R}{subsection.4.2.2}% 53
\BOOKMARK [3][-]{subsubsection.4.2.2.7}{\376\377\0004\000.\0002\000.\0002\000.\0007\000\040\000P\000E\000R\000M\000\137\000O\000W\000N\000E\000R\000\137\000R\000W}{subsection.4.2.2}% 54
\BOOKMARK [3][-]{subsubsection.4.2.2.8}{\376\377\0004\000.\0002\000.\0002\000.\0008\000\040\000S\000E\000M\000\137\000F\000R\000E\000E\000\137\000N\000A\000M\000E}{subsection.4.2.2}% 55
\BOOKMARK [3][-]{subsubsection.4.2.2.9}{\376\377\0004\000.\0002\000.\0002\000.\0009\000\040\000S\000E\000M\000\137\000U\000S\000E\000D\000\137\000N\000A\000M\000E}{subsection.4.2.2}% 56
\BOOKMARK [3][-]{subsubsection.4.2.2.10}{\376\377\0004\000.\0002\000.\0002\000.\0001\0000\000\040\000S\000E\000M\000\137\000W\000M\000U\000T\000E\000X\000\137\000N\000A\000M\000E}{subsection.4.2.2}% 57
\BOOKMARK [3][-]{subsubsection.4.2.2.11}{\376\377\0004\000.\0002\000.\0002\000.\0001\0001\000\040\000S\000H\000M\000\137\000N\000A\000M\000E}{subsection.4.2.2}% 58
\BOOKMARK [2][-]{subsection.4.2.3}{\376\377\0004\000.\0002\000.\0003\000\040\000T\000y\000p\000e\000d\000e\000f\000\040\000D\000o\000c\000u\000m\000e\000n\000t\000a\000t\000i\000o\000n}{section.4.2}% 59
\BOOKMARK [3][-]{subsubsection.4.2.3.1}{\376\377\0004\000.\0002\000.\0003\000.\0001\000\040\000r\000s\000e\000t\000\137\000t}{subsection.4.2.3}% 60
\BOOKMARK [3][-]{subsubsection.4.2.3.2}{\376\377\0004\000.\0002\000.\0003\000.\0002\000\040\000s\000h\000m\000\137\000t}{subsection.4.2.3}% 61
\BOOKMARK [1][-]{section.4.3}{\376\377\0004\000.\0003\000\040\000/\000h\000o\000m\000e\000/\000m\000k\000x\000/\000D\000r\000o\000p\000b\000o\000x\000/\000T\000U\000/\0003\000.\000\040\000S\000e\000m\000e\000s\000t\000e\000r\000/\000B\000e\000t\000r\000i\000e\000b\000s\000s\000y\000s\000t\000e\000m\000e\000/\0002\000.\000\040\000\334\000b\000u\000n\000g\000e\000n\000\040\000u\000n\000d\000\040\000A\000b\000g\000a\000b\000e\000n\000/\000A\000u\000f\000g\000a\000b\000e\000\137\0004\000/\000s\000r\000c\000/\000s\000u\000p\000e\000r\000v\000i\000s\000o\000r\000.\000c\000\040\000F\000i\000l\000e\000\040\000R\000e\000f\000e\000r\000e\000n\000c\000e}{chapter.4}% 62
\BOOKMARK [2][-]{subsection.4.3.1}{\376\377\0004\000.\0003\000.\0001\000\040\000D\000e\000t\000a\000i\000l\000e\000d\000\040\000D\000e\000s\000c\000r\000i\000p\000t\000i\000o\000n}{section.4.3}% 63
\BOOKMARK [2][-]{subsection.4.3.2}{\376\377\0004\000.\0003\000.\0002\000\040\000T\000y\000p\000e\000d\000e\000f\000\040\000D\000o\000c\000u\000m\000e\000n\000t\000a\000t\000i\000o\000n}{section.4.3}% 64
\BOOKMARK [3][-]{subsubsection.4.3.2.1}{\376\377\0004\000.\0003\000.\0002\000.\0001\000\040\000s\000i\000g\000a\000c\000t\000i\000o\000n\000\137\000t}{subsection.4.3.2}% 65
\BOOKMARK [2][-]{subsection.4.3.3}{\376\377\0004\000.\0003\000.\0003\000\040\000F\000u\000n\000c\000t\000i\000o\000n\000\040\000D\000o\000c\000u\000m\000e\000n\000t\000a\000t\000i\000o\000n}{section.4.3}% 66
\BOOKMARK [3][-]{subsubsection.4.3.3.1}{\376\377\0004\000.\0003\000.\0003\000.\0001\000\040\000c\000r\000e\000a\000t\000e\000\137\000s\000e\000m\000a\000p\000h\000o\000r\000e\000s\000\050\000\051}{subsection.4.3.3}% 67
\BOOKMARK [3][-]{subsubsection.4.3.3.2}{\376\377\0004\000.\0003\000.\0003\000.\0002\000\040\000c\000r\000e\000a\000t\000e\000\137\000s\000h\000a\000r\000e\000d\000\137\000m\000e\000m\000\050\000\051}{subsection.4.3.3}% 68
\BOOKMARK [3][-]{subsubsection.4.3.3.3}{\376\377\0004\000.\0003\000.\0003\000.\0003\000\040\000e\000x\000i\000t\000\137\000e\000r\000r\000o\000r\000\050\000\051}{subsection.4.3.3}% 69
\BOOKMARK [3][-]{subsubsection.4.3.3.4}{\376\377\0004\000.\0003\000.\0003\000.\0004\000\040\000f\000r\000e\000e\000\137\000r\000e\000s\000o\000u\000r\000c\000e\000s\000\050\000\051}{subsection.4.3.3}% 70
\BOOKMARK [3][-]{subsubsection.4.3.3.5}{\376\377\0004\000.\0003\000.\0003\000.\0005\000\040\000h\000a\000n\000d\000l\000e\000\137\000s\000i\000g\000n\000a\000l\000\050\000\051}{subsection.4.3.3}% 71
\BOOKMARK [3][-]{subsubsection.4.3.3.6}{\376\377\0004\000.\0003\000.\0003\000.\0006\000\040\000i\000n\000i\000t\000\137\000s\000i\000g\000n\000a\000l\000\137\000h\000a\000n\000d\000l\000i\000n\000g\000\050\000\051}{subsection.4.3.3}% 72
\BOOKMARK [3][-]{subsubsection.4.3.3.7}{\376\377\0004\000.\0003\000.\0003\000.\0007\000\040\000m\000a\000i\000n\000\050\000\051}{subsection.4.3.3}% 73
\BOOKMARK [2][-]{subsection.4.3.4}{\376\377\0004\000.\0003\000.\0004\000\040\000V\000a\000r\000i\000a\000b\000l\000e\000\040\000D\000o\000c\000u\000m\000e\000n\000t\000a\000t\000i\000o\000n}{section.4.3}% 74
\BOOKMARK [3][-]{subsubsection.4.3.4.1}{\376\377\0004\000.\0003\000.\0004\000.\0001\000\040\000p\000g\000r\000m\000\137\000n\000a\000m\000e}{subsection.4.3.4}% 75
\BOOKMARK [3][-]{subsubsection.4.3.4.2}{\376\377\0004\000.\0003\000.\0004\000.\0002\000\040\000s\000e\000m\000\137\000f\000r\000e\000e}{subsection.4.3.4}% 76
\BOOKMARK [3][-]{subsubsection.4.3.4.3}{\376\377\0004\000.\0003\000.\0004\000.\0003\000\040\000s\000e\000m\000\137\000u\000s\000e\000d}{subsection.4.3.4}% 77
\BOOKMARK [3][-]{subsubsection.4.3.4.4}{\376\377\0004\000.\0003\000.\0004\000.\0004\000\040\000s\000e\000m\000\137\000w\000m\000u\000t\000e\000x}{subsection.4.3.4}% 78
\BOOKMARK [3][-]{subsubsection.4.3.4.5}{\376\377\0004\000.\0003\000.\0004\000.\0005\000\040\000s\000h\000m}{subsection.4.3.4}% 79
\BOOKMARK [3][-]{subsubsection.4.3.4.6}{\376\377\0004\000.\0003\000.\0004\000.\0006\000\040\000s\000h\000o\000u\000l\000d\000\137\000t\000e\000r\000m\000i\000n\000a\000t\000e}{subsection.4.3.4}% 80
\BOOKMARK [0][-]{section*.20}{\376\377\000I\000n\000d\000e\000x}{}% 81
